INSTRUMENTATION_STATUS: class=com.example.dogglers.ButtonTests
INSTRUMENTATION_STATUS: current=1
INSTRUMENTATION_STATUS: id=AndroidJUnitRunner
INSTRUMENTATION_STATUS: numtests=6
INSTRUMENTATION_STATUS: stream=
com.example.dogglers.ButtonTests:
INSTRUMENTATION_STATUS: test=grid_list_button_is_displayed
INSTRUMENTATION_STATUS_CODE: 1
INSTRUMENTATION_STATUS: class=com.example.dogglers.ButtonTests
INSTRUMENTATION_STATUS: current=1
INSTRUMENTATION_STATUS: id=AndroidJUnitRunner
INSTRUMENTATION_STATUS: numtests=6
INSTRUMENTATION_STATUS: stack=androidx.test.espresso.NoActivityResumedException: No activities in stage RESUMED. Did you forget to launch the activity. (test.getActivity() or similar)?
at dalvik.system.VMStack.getThreadStackTrace(Native Method)
at java.lang.Thread.getStackTrace(Thread.java:1841)
at androidx.test.espresso.base.DefaultFailureHandler.getUserFriendlyError(DefaultFailureHandler.java:12)
at androidx.test.espresso.base.DefaultFailureHandler.handle(DefaultFailureHandler.java:7)
at androidx.test.espresso.ViewInteraction.waitForAndHandleInteractionResults(ViewInteraction.java:8)
at androidx.test.espresso.ViewInteraction.check(ViewInteraction.java:12)
at com.example.dogglers.ButtonTests.grid_list_button_is_displayed(ButtonTests.kt:49)

INSTRUMENTATION_STATUS: stream=
Error in grid_list_button_is_displayed(com.example.dogglers.ButtonTests):
androidx.test.espresso.NoActivityResumedException: No activities in stage RESUMED. Did you forget to launch the activity. (test.getActivity() or similar)?
at dalvik.system.VMStack.getThreadStackTrace(Native Method)
at java.lang.Thread.getStackTrace(Thread.java:1841)
at androidx.test.espresso.base.DefaultFailureHandler.getUserFriendlyError(DefaultFailureHandler.java:12)
at androidx.test.espresso.base.DefaultFailureHandler.handle(DefaultFailureHandler.java:7)
at androidx.test.espresso.ViewInteraction.waitForAndHandleInteractionResults(ViewInteraction.java:8)
at androidx.test.espresso.ViewInteraction.check(ViewInteraction.java:12)
at com.example.dogglers.ButtonTests.grid_list_button_is_displayed(ButtonTests.kt:49)

INSTRUMENTATION_STATUS: test=grid_list_button_is_displayed
INSTRUMENTATION_STATUS_CODE: -2
INSTRUMENTATION_STATUS: class=com.example.dogglers.ButtonTests
INSTRUMENTATION_STATUS: current=2
INSTRUMENTATION_STATUS: id=AndroidJUnitRunner
INSTRUMENTATION_STATUS: numtests=6
INSTRUMENTATION_STATUS: stream=
INSTRUMENTATION_STATUS: test=clicking_horizontal_list_button_displays_horizontal_list
INSTRUMENTATION_STATUS_CODE: 1
INSTRUMENTATION_STATUS: class=com.example.dogglers.ButtonTests
INSTRUMENTATION_STATUS: current=2
INSTRUMENTATION_STATUS: id=AndroidJUnitRunner
INSTRUMENTATION_STATUS: numtests=6
INSTRUMENTATION_STATUS: stack=androidx.test.espresso.NoActivityResumedException: No activities in stage RESUMED. Did you forget to launch the activity. (test.getActivity() or similar)?
at dalvik.system.VMStack.getThreadStackTrace(Native Method)
at java.lang.Thread.getStackTrace(Thread.java:1841)
at androidx.test.espresso.base.DefaultFailureHandler.getUserFriendlyError(DefaultFailureHandler.java:12)
at androidx.test.espresso.base.DefaultFailureHandler.handle(DefaultFailureHandler.java:7)
at androidx.test.espresso.ViewInteraction.waitForAndHandleInteractionResults(ViewInteraction.java:8)
at androidx.test.espresso.ViewInteraction.desugaredPerform(ViewInteraction.java:11)
at androidx.test.espresso.ViewInteraction.perform(ViewInteraction.java:4)
at com.example.dogglers.ButtonTests.clicking_horizontal_list_button_displays_horizontal_list(ButtonTests.kt:60)

INSTRUMENTATION_STATUS: stream=
Error in clicking_horizontal_list_button_displays_horizontal_list(com.example.dogglers.ButtonTests):
androidx.test.espresso.NoActivityResumedException: No activities in stage RESUMED. Did you forget to launch the activity. (test.getActivity() or similar)?
at dalvik.system.VMStack.getThreadStackTrace(Native Method)
at java.lang.Thread.getStackTrace(Thread.java:1841)
at androidx.test.espresso.base.DefaultFailureHandler.getUserFriendlyError(DefaultFailureHandler.java:12)
at androidx.test.espresso.base.DefaultFailureHandler.handle(DefaultFailureHandler.java:7)
at androidx.test.espresso.ViewInteraction.waitForAndHandleInteractionResults(ViewInteraction.java:8)
at androidx.test.espresso.ViewInteraction.desugaredPerform(ViewInteraction.java:11)
at androidx.test.espresso.ViewInteraction.perform(ViewInteraction.java:4)
at com.example.dogglers.ButtonTests.clicking_horizontal_list_button_displays_horizontal_list(ButtonTests.kt:60)

INSTRUMENTATION_STATUS: test=clicking_horizontal_list_button_displays_horizontal_list
INSTRUMENTATION_STATUS_CODE: -2
INSTRUMENTATION_STATUS: class=com.example.dogglers.ButtonTests
INSTRUMENTATION_STATUS: current=3
INSTRUMENTATION_STATUS: id=AndroidJUnitRunner
INSTRUMENTATION_STATUS: numtests=6
INSTRUMENTATION_STATUS: stream=
INSTRUMENTATION_STATUS: test=clicking_grid_list_button_displays_grid_list
INSTRUMENTATION_STATUS_CODE: 1
INSTRUMENTATION_STATUS: class=com.example.dogglers.ButtonTests
INSTRUMENTATION_STATUS: current=3
INSTRUMENTATION_STATUS: id=AndroidJUnitRunner
INSTRUMENTATION_STATUS: numtests=6
INSTRUMENTATION_STATUS: stack=androidx.test.espresso.NoActivityResumedException: No activities in stage RESUMED. Did you forget to launch the activity. (test.getActivity() or similar)?
at dalvik.system.VMStack.getThreadStackTrace(Native Method)
at java.lang.Thread.getStackTrace(Thread.java:1841)
at androidx.test.espresso.base.DefaultFailureHandler.getUserFriendlyError(DefaultFailureHandler.java:12)
at androidx.test.espresso.base.DefaultFailureHandler.handle(DefaultFailureHandler.java:7)
at androidx.test.espresso.ViewInteraction.waitForAndHandleInteractionResults(ViewInteraction.java:8)
at androidx.test.espresso.ViewInteraction.desugaredPerform(ViewInteraction.java:11)
at androidx.test.espresso.ViewInteraction.perform(ViewInteraction.java:4)
at com.example.dogglers.ButtonTests.clicking_grid_list_button_displays_grid_list(ButtonTests.kt:66)

INSTRUMENTATION_STATUS: stream=
Error in clicking_grid_list_button_displays_grid_list(com.example.dogglers.ButtonTests):
androidx.test.espresso.NoActivityResumedException: No activities in stage RESUMED. Did you forget to launch the activity. (test.getActivity() or similar)?
at dalvik.system.VMStack.getThreadStackTrace(Native Method)
at java.lang.Thread.getStackTrace(Thread.java:1841)
at androidx.test.espresso.base.DefaultFailureHandler.getUserFriendlyError(DefaultFailureHandler.java:12)
at androidx.test.espresso.base.DefaultFailureHandler.handle(DefaultFailureHandler.java:7)
at androidx.test.espresso.ViewInteraction.waitForAndHandleInteractionResults(ViewInteraction.java:8)
at androidx.test.espresso.ViewInteraction.desugaredPerform(ViewInteraction.java:11)
at androidx.test.espresso.ViewInteraction.perform(ViewInteraction.java:4)
at com.example.dogglers.ButtonTests.clicking_grid_list_button_displays_grid_list(ButtonTests.kt:66)

INSTRUMENTATION_STATUS: test=clicking_grid_list_button_displays_grid_list
INSTRUMENTATION_STATUS_CODE: -2
INSTRUMENTATION_STATUS: class=com.example.dogglers.ButtonTests
INSTRUMENTATION_STATUS: current=4
INSTRUMENTATION_STATUS: id=AndroidJUnitRunner
INSTRUMENTATION_STATUS: numtests=6
INSTRUMENTATION_STATUS: stream=
INSTRUMENTATION_STATUS: test=clicking_vertical_list_button_displays_vertical_list
INSTRUMENTATION_STATUS_CODE: 1
INSTRUMENTATION_STATUS: class=com.example.dogglers.ButtonTests
INSTRUMENTATION_STATUS: current=4
INSTRUMENTATION_STATUS: id=AndroidJUnitRunner
INSTRUMENTATION_STATUS: numtests=6
INSTRUMENTATION_STATUS: stack=androidx.test.espresso.NoActivityResumedException: No activities in stage RESUMED. Did you forget to launch the activity. (test.getActivity() or similar)?
at dalvik.system.VMStack.getThreadStackTrace(Native Method)
at java.lang.Thread.getStackTrace(Thread.java:1841)
at androidx.test.espresso.base.DefaultFailureHandler.getUserFriendlyError(DefaultFailureHandler.java:12)
at androidx.test.espresso.base.DefaultFailureHandler.handle(DefaultFailureHandler.java:7)
at androidx.test.espresso.ViewInteraction.waitForAndHandleInteractionResults(ViewInteraction.java:8)
at androidx.test.espresso.ViewInteraction.desugaredPerform(ViewInteraction.java:11)
at androidx.test.espresso.ViewInteraction.perform(ViewInteraction.java:4)
at com.example.dogglers.ButtonTests.clicking_vertical_list_button_displays_vertical_list(ButtonTests.kt:54)

INSTRUMENTATION_STATUS: stream=
Error in clicking_vertical_list_button_displays_vertical_list(com.example.dogglers.ButtonTests):
androidx.test.espresso.NoActivityResumedException: No activities in stage RESUMED. Did you forget to launch the activity. (test.getActivity() or similar)?
at dalvik.system.VMStack.getThreadStackTrace(Native Method)
at java.lang.Thread.getStackTrace(Thread.java:1841)
at androidx.test.espresso.base.DefaultFailureHandler.getUserFriendlyError(DefaultFailureHandler.java:12)
at androidx.test.espresso.base.DefaultFailureHandler.handle(DefaultFailureHandler.java:7)
at androidx.test.espresso.ViewInteraction.waitForAndHandleInteractionResults(ViewInteraction.java:8)
at androidx.test.espresso.ViewInteraction.desugaredPerform(ViewInteraction.java:11)
at androidx.test.espresso.ViewInteraction.perform(ViewInteraction.java:4)
at com.example.dogglers.ButtonTests.clicking_vertical_list_button_displays_vertical_list(ButtonTests.kt:54)

INSTRUMENTATION_STATUS: test=clicking_vertical_list_button_displays_vertical_list
INSTRUMENTATION_STATUS_CODE: -2
INSTRUMENTATION_STATUS: class=com.example.dogglers.ButtonTests
INSTRUMENTATION_STATUS: current=5
INSTRUMENTATION_STATUS: id=AndroidJUnitRunner
INSTRUMENTATION_STATUS: numtests=6
INSTRUMENTATION_STATUS: stream=
INSTRUMENTATION_STATUS: test=horizontal_list_button_is_displayed
INSTRUMENTATION_STATUS_CODE: 1
INSTRUMENTATION_STATUS: class=com.example.dogglers.ButtonTests
INSTRUMENTATION_STATUS: current=5
INSTRUMENTATION_STATUS: id=AndroidJUnitRunner
INSTRUMENTATION_STATUS: numtests=6
INSTRUMENTATION_STATUS: stream=.
INSTRUMENTATION_STATUS: test=horizontal_list_button_is_displayed
INSTRUMENTATION_STATUS_CODE: 0
INSTRUMENTATION_STATUS: class=com.example.dogglers.ButtonTests
INSTRUMENTATION_STATUS: current=6
INSTRUMENTATION_STATUS: id=AndroidJUnitRunner
INSTRUMENTATION_STATUS: numtests=6
INSTRUMENTATION_STATUS: stream=
INSTRUMENTATION_STATUS: test=vertical_list_button_is_displayed
INSTRUMENTATION_STATUS_CODE: 1
INSTRUMENTATION_STATUS: class=com.example.dogglers.ButtonTests
INSTRUMENTATION_STATUS: current=6
INSTRUMENTATION_STATUS: id=AndroidJUnitRunner
INSTRUMENTATION_STATUS: numtests=6
INSTRUMENTATION_STATUS: stream=.
INSTRUMENTATION_STATUS: test=vertical_list_button_is_displayed
INSTRUMENTATION_STATUS_CODE: 0
INSTRUMENTATION_RESULT: stream=

Time: 167.546
There were 4 failures:
1) grid_list_button_is_displayed(com.example.dogglers.ButtonTests)
androidx.test.espresso.NoActivityResumedException: No activities in stage RESUMED. Did you forget to launch the activity. (test.getActivity() or similar)?
at dalvik.system.VMStack.getThreadStackTrace(Native Method)
at java.lang.Thread.getStackTrace(Thread.java:1841)
at androidx.test.espresso.base.DefaultFailureHandler.getUserFriendlyError(DefaultFailureHandler.java:12)
at androidx.test.espresso.base.DefaultFailureHandler.handle(DefaultFailureHandler.java:7)
at androidx.test.espresso.ViewInteraction.waitForAndHandleInteractionResults(ViewInteraction.java:8)
at androidx.test.espresso.ViewInteraction.check(ViewInteraction.java:12)
at com.example.dogglers.ButtonTests.grid_list_button_is_displayed(ButtonTests.kt:49)
at java.lang.reflect.Method.invoke(Native Method)
at org.junit.runners.model.FrameworkMethod$1.runReflectiveCall(FrameworkMethod.java:50)
at org.junit.internal.runners.model.ReflectiveCallable.run(ReflectiveCallable.java:12)
at org.junit.runners.model.FrameworkMethod.invokeExplosively(FrameworkMethod.java:47)
at org.junit.internal.runners.statements.InvokeMethod.evaluate(InvokeMethod.java:17)
at org.junit.rules.ExternalResource$1.evaluate(ExternalResource.java:48)
at org.junit.rules.RunRules.evaluate(RunRules.java:20)
at org.junit.runners.ParentRunner.runLeaf(ParentRunner.java:325)
at org.junit.runners.BlockJUnit4ClassRunner.runChild(BlockJUnit4ClassRunner.java:78)
at org.junit.runners.BlockJUnit4ClassRunner.runChild(BlockJUnit4ClassRunner.java:57)
at org.junit.runners.ParentRunner$3.run(ParentRunner.java:290)
at org.junit.runners.ParentRunner$1.schedule(ParentRunner.java:71)
at org.junit.runners.ParentRunner.runChildren(ParentRunner.java:288)
at org.junit.runners.ParentRunner.access$000(ParentRunner.java:58)
at org.junit.runners.ParentRunner$2.evaluate(ParentRunner.java:268)
at org.junit.runners.ParentRunner.run(ParentRunner.java:363)
at androidx.test.ext.junit.runners.AndroidJUnit4.run(AndroidJUnit4.java:162)
at org.junit.runners.Suite.runChild(Suite.java:128)
at org.junit.runners.Suite.runChild(Suite.java:27)
at org.junit.runners.ParentRunner$3.run(ParentRunner.java:290)
at org.junit.runners.ParentRunner$1.schedule(ParentRunner.java:71)
at org.junit.runners.ParentRunner.runChildren(ParentRunner.java:288)
at org.junit.runners.ParentRunner.access$000(ParentRunner.java:58)
at org.junit.runners.ParentRunner$2.evaluate(ParentRunner.java:268)
at org.junit.runners.ParentRunner.run(ParentRunner.java:363)
at org.junit.runner.JUnitCore.run(JUnitCore.java:137)
at org.junit.runner.JUnitCore.run(JUnitCore.java:115)
at androidx.test.internal.runner.TestExecutor.execute(TestExecutor.java:56)
at androidx.test.runner.AndroidJUnitRunner.onStart(AndroidJUnitRunner.java:444)
at android.app.Instrumentation$InstrumentationThread.run(Instrumentation.java:2335)
2) clicking_horizontal_list_button_displays_horizontal_list(com.example.dogglers.ButtonTests)
androidx.test.espresso.NoActivityResumedException: No activities in stage RESUMED. Did you forget to launch the activity. (test.getActivity() or similar)?
at dalvik.system.VMStack.getThreadStackTrace(Native Method)
at java.lang.Thread.getStackTrace(Thread.java:1841)
at androidx.test.espresso.base.DefaultFailureHandler.getUserFriendlyError(DefaultFailureHandler.java:12)
at androidx.test.espresso.base.DefaultFailureHandler.handle(DefaultFailureHandler.java:7)
at androidx.test.espresso.ViewInteraction.waitForAndHandleInteractionResults(ViewInteraction.java:8)
at androidx.test.espresso.ViewInteraction.desugaredPerform(ViewInteraction.java:11)
at androidx.test.espresso.ViewInteraction.perform(ViewInteraction.java:4)
at com.example.dogglers.ButtonTests.clicking_horizontal_list_button_displays_horizontal_list(ButtonTests.kt:60)
at java.lang.reflect.Method.invoke(Native Method)
at org.junit.runners.model.FrameworkMethod$1.runReflectiveCall(FrameworkMethod.java:50)
at org.junit.internal.runners.model.ReflectiveCallable.run(ReflectiveCallable.java:12)
at org.junit.runners.model.FrameworkMethod.invokeExplosively(FrameworkMethod.java:47)
at org.junit.internal.runners.statements.InvokeMethod.evaluate(InvokeMethod.java:17)
at org.junit.rules.ExternalResource$1.evaluate(ExternalResource.java:48)
at org.junit.rules.RunRules.evaluate(RunRules.java:20)
at org.junit.runners.ParentRunner.runLeaf(ParentRunner.java:325)
at org.junit.runners.BlockJUnit4ClassRunner.runChild(BlockJUnit4ClassRunner.java:78)
at org.junit.runners.BlockJUnit4ClassRunner.runChild(BlockJUnit4ClassRunner.java:57)
at org.junit.runners.ParentRunner$3.run(ParentRunner.java:290)
at org.junit.runners.ParentRunner$1.schedule(ParentRunner.java:71)
at org.junit.runners.ParentRunner.runChildren(ParentRunner.java:288)
at org.junit.runners.ParentRunner.access$000(ParentRunner.java:58)
at org.junit.runners.ParentRunner$2.evaluate(ParentRunner.java:268)
at org.junit.runners.ParentRunner.run(ParentRunner.java:363)
at androidx.test.ext.junit.runners.AndroidJUnit4.run(AndroidJUnit4.java:162)
at org.junit.runners.Suite.runChild(Suite.java:128)
at org.junit.runners.Suite.runChild(Suite.java:27)
at org.junit.runners.ParentRunner$3.run(ParentRunner.java:290)
at org.junit.runners.ParentRunner$1.schedule(ParentRunner.java:71)
at org.junit.runners.ParentRunner.runChildren(ParentRunner.java:288)
at org.junit.runners.ParentRunner.access$000(ParentRunner.java:58)
at org.junit.runners.ParentRunner$2.evaluate(ParentRunner.java:268)
at org.junit.runners.ParentRunner.run(ParentRunner.java:363)
at org.junit.runner.JUnitCore.run(JUnitCore.java:137)
at org.junit.runner.JUnitCore.run(JUnitCore.java:115)
at androidx.test.internal.runner.TestExecutor.execute(TestExecutor.java:56)
at androidx.test.runner.AndroidJUnitRunner.onStart(AndroidJUnitRunner.java:444)
at android.app.Instrumentation$InstrumentationThread.run(Instrumentation.java:2335)
3) clicking_grid_list_button_displays_grid_list(com.example.dogglers.ButtonTests)
androidx.test.espresso.NoActivityResumedException: No activities in stage RESUMED. Did you forget to launch the activity. (test.getActivity() or similar)?
at dalvik.system.VMStack.getThreadStackTrace(Native Method)
at java.lang.Thread.getStackTrace(Thread.java:1841)
at androidx.test.espresso.base.DefaultFailureHandler.getUserFriendlyError(DefaultFailureHandler.java:12)
at androidx.test.espresso.base.DefaultFailureHandler.handle(DefaultFailureHandler.java:7)
at androidx.test.espresso.ViewInteraction.waitForAndHandleInteractionResults(ViewInteraction.java:8)
at androidx.test.espresso.ViewInteraction.desugaredPerform(ViewInteraction.java:11)
at androidx.test.espresso.ViewInteraction.perform(ViewInteraction.java:4)
at com.example.dogglers.ButtonTests.clicking_grid_list_button_displays_grid_list(ButtonTests.kt:66)
at java.lang.reflect.Method.invoke(Native Method)
at org.junit.runners.model.FrameworkMethod$1.runReflectiveCall(FrameworkMethod.java:50)
at org.junit.internal.runners.model.ReflectiveCallable.run(ReflectiveCallable.java:12)
at org.junit.runners.model.FrameworkMethod.invokeExplosively(FrameworkMethod.java:47)
at org.junit.internal.runners.statements.InvokeMethod.evaluate(InvokeMethod.java:17)
at org.junit.rules.ExternalResource$1.evaluate(ExternalResource.java:48)
at org.junit.rules.RunRules.evaluate(RunRules.java:20)
at org.junit.runners.ParentRunner.runLeaf(ParentRunner.java:325)
at org.junit.runners.BlockJUnit4ClassRunner.runChild(BlockJUnit4ClassRunner.java:78)
at org.junit.runners.BlockJUnit4ClassRunner.runChild(BlockJUnit4ClassRunner.java:57)
at org.junit.runners.ParentRunner$3.run(ParentRunner.java:290)
at org.junit.runners.ParentRunner$1.schedule(ParentRunner.java:71)
at org.junit.runners.ParentRunner.runChildren(ParentRunner.java:288)
at org.junit.runners.ParentRunner.access$000(ParentRunner.java:58)
at org.junit.runners.ParentRunner$2.evaluate(ParentRunner.java:268)
at org.junit.runners.ParentRunner.run(ParentRunner.java:363)
at androidx.test.ext.junit.runners.AndroidJUnit4.run(AndroidJUnit4.java:162)
at org.junit.runners.Suite.runChild(Suite.java:128)
at org.junit.runners.Suite.runChild(Suite.java:27)
at org.junit.runners.ParentRunner$3.run(ParentRunner.java:290)
at org.junit.runners.ParentRunner$1.schedule(ParentRunner.java:71)
at org.junit.runners.ParentRunner.runChildren(ParentRunner.java:288)
at org.junit.runners.ParentRunner.access$000(ParentRunner.java:58)
at org.junit.runners.ParentRunner$2.evaluate(ParentRunner.java:268)
at org.junit.runners.ParentRunner.run(ParentRunner.java:363)
at org.junit.runner.JUnitCore.run(JUnitCore.java:137)
at org.junit.runner.JUnitCore.run(JUnitCore.java:115)
at androidx.test.internal.runner.TestExecutor.execute(TestExecutor.java:56)
at androidx.test.runner.AndroidJUnitRunner.onStart(AndroidJUnitRunner.java:444)
at android.app.Instrumentation$InstrumentationThread.run(Instrumentation.java:2335)
4) clicking_vertical_list_button_displays_vertical_list(com.example.dogglers.ButtonTests)
androidx.test.espresso.NoActivityResumedException: No activities in stage RESUMED. Did you forget to launch the activity. (test.getActivity() or similar)?
at dalvik.system.VMStack.getThreadStackTrace(Native Method)
at java.lang.Thread.getStackTrace(Thread.java:1841)
at androidx.test.espresso.base.DefaultFailureHandler.getUserFriendlyError(DefaultFailureHandler.java:12)
at androidx.test.espresso.base.DefaultFailureHandler.handle(DefaultFailureHandler.java:7)
at androidx.test.espresso.ViewInteraction.waitForAndHandleInteractionResults(ViewInteraction.java:8)
at androidx.test.espresso.ViewInteraction.desugaredPerform(ViewInteraction.java:11)
at androidx.test.espresso.ViewInteraction.perform(ViewInteraction.java:4)
at com.example.dogglers.ButtonTests.clicking_vertical_list_button_displays_vertical_list(ButtonTests.kt:54)
at java.lang.reflect.Method.invoke(Native Method)
at org.junit.runners.model.FrameworkMethod$1.runReflectiveCall(FrameworkMethod.java:50)
at org.junit.internal.runners.model.ReflectiveCallable.run(ReflectiveCallable.java:12)
at org.junit.runners.model.FrameworkMethod.invokeExplosively(FrameworkMethod.java:47)
at org.junit.internal.runners.statements.InvokeMethod.evaluate(InvokeMethod.java:17)
at org.junit.rules.ExternalResource$1.evaluate(ExternalResource.java:48)
at org.junit.rules.RunRules.evaluate(RunRules.java:20)
at org.junit.runners.ParentRunner.runLeaf(ParentRunner.java:325)
at org.junit.runners.BlockJUnit4ClassRunner.runChild(BlockJUnit4ClassRunner.java:78)
at org.junit.runners.BlockJUnit4ClassRunner.runChild(BlockJUnit4ClassRunner.java:57)
at org.junit.runners.ParentRunner$3.run(ParentRunner.java:290)
at org.junit.runners.ParentRunner$1.schedule(ParentRunner.java:71)
at org.junit.runners.ParentRunner.runChildren(ParentRunner.java:288)
at org.junit.runners.ParentRunner.access$000(ParentRunner.java:58)
at org.junit.runners.ParentRunner$2.evaluate(ParentRunner.java:268)
at org.junit.runners.ParentRunner.run(ParentRunner.java:363)
at androidx.test.ext.junit.runners.AndroidJUnit4.run(AndroidJUnit4.java:162)
at org.junit.runners.Suite.runChild(Suite.java:128)
at org.junit.runners.Suite.runChild(Suite.java:27)
at org.junit.runners.ParentRunner$3.run(ParentRunner.java:290)
at org.junit.runners.ParentRunner$1.schedule(ParentRunner.java:71)
at org.junit.runners.ParentRunner.runChildren(ParentRunner.java:288)
at org.junit.runners.ParentRunner.access$000(ParentRunner.java:58)
at org.junit.runners.ParentRunner$2.evaluate(ParentRunner.java:268)
at org.junit.runners.ParentRunner.run(ParentRunner.java:363)
at org.junit.runner.JUnitCore.run(JUnitCore.java:137)
at org.junit.runner.JUnitCore.run(JUnitCore.java:115)
at androidx.test.internal.runner.TestExecutor.execute(TestExecutor.java:56)
at androidx.test.runner.AndroidJUnitRunner.onStart(AndroidJUnitRunner.java:444)
at android.app.Instrumentation$InstrumentationThread.run(Instrumentation.java:2335)

FAILURES!!!
Tests run: 6,  Failures: 4


INSTRUMENTATION_CODE: -1

